<?xml version="1.0" encoding="UTF-8"?>
<!-- Generated by org.testng.reporters.JUnitXMLReporter -->
<testsuite hostname="Gokul" name="Test" tests="5" failures="0" timestamp="9 Dec 2021 17:09:02 GMT" time="51.932" errors="0">
  <testcase name="Tc_03" time="3.266" classname="testCase.Select"/>
  <testcase name="Tc_03" time="2.605" classname="testCase.Select"/>
  <testcase name="Tc_02" time="3.038" classname="testCase.LoginTest"/>
  <testcase name="Tc_01" time="3.838" classname="testCase.RegisterTest"/>
  <testcase name="Tc_01" time="2.173" classname="testCase.RegisterTest"/>
</testsuite> <!-- Test -->
