<?xml version="1.0" encoding="UTF-8"?>
<testng-results skipped="0" failed="0" total="2" passed="2">
  <reporter-output>
  </reporter-output>
  <suite name="Default suite" duration-ms="10706" started-at="2021-12-10T03:49:16Z" finished-at="2021-12-10T03:49:27Z">
    <groups>
    </groups>
    <test name="Default test" duration-ms="10706" started-at="2021-12-10T03:49:16Z" finished-at="2021-12-10T03:49:27Z">
      <class name="testCase.Select">
        <test-method status="PASS" signature="Browser1()[pri:0, instance:testCase.Select@343f4d3d]" name="Browser1" is-config="true" duration-ms="7264" started-at="2021-12-10T09:19:16Z" finished-at="2021-12-10T09:19:23Z">
          <reporter-output>
          </reporter-output>
        </test-method> <!-- Browser1 -->
        <test-method status="PASS" signature="Tc_03(int, int)[pri:0, instance:testCase.Select@343f4d3d]" name="Tc_03" duration-ms="1888" started-at="2021-12-10T09:19:23Z" data-provider="TestData" finished-at="2021-12-10T09:19:25Z">
          <params>
            <param index="0">
              <value>
                <![CDATA[1]]>
              </value>
            </param>
            <param index="1">
              <value>
                <![CDATA[2]]>
              </value>
            </param>
          </params>
          <reporter-output>
          </reporter-output>
        </test-method> <!-- Tc_03 -->
        <test-method status="PASS" signature="Tc_03(int, int)[pri:0, instance:testCase.Select@343f4d3d]" name="Tc_03" duration-ms="1365" started-at="2021-12-10T09:19:25Z" data-provider="TestData" finished-at="2021-12-10T09:19:27Z">
          <params>
            <param index="0">
              <value>
                <![CDATA[3]]>
              </value>
            </param>
            <param index="1">
              <value>
                <![CDATA[4]]>
              </value>
            </param>
          </params>
          <reporter-output>
          </reporter-output>
        </test-method> <!-- Tc_03 -->
        <test-method status="PASS" signature="Ends()[pri:0, instance:testCase.Select@343f4d3d]" name="Ends" is-config="true" duration-ms="143" started-at="2021-12-10T09:19:27Z" finished-at="2021-12-10T09:19:27Z">
          <reporter-output>
          </reporter-output>
        </test-method> <!-- Ends -->
      </class> <!-- testCase.Select -->
    </test> <!-- Default test -->
  </suite> <!-- Default suite -->
</testng-results>
